<?xml version="1.0" encoding="UTF-8"?>
<!-- Generated by org.testng.reporters.JUnitReportReporter -->
<testsuite skipped="0" hostname="RTTS-NYC106" name="test.test.SimpleAndroidCalcTest" tests="2" failures="0" timestamp="17 Oct 2018 19:06:55 GMT" time="37.441" errors="0">
  <testcase name="Sum" time="19.559" classname="test.test.SimpleAndroidCalcTest"/>
  <testcase name="Subtract" time="17.882" classname="test.test.SimpleAndroidCalcTest"/>
</testsuite> <!-- test.test.SimpleAndroidCalcTest -->
